<?xml version="1.0" encoding="UTF-8"?>
<!-- Generated by org.testng.reporters.JUnitReportReporter -->
<testsuite hostname="DESKTOP-M73206S" failures="0" tests="2" name="tempTestPack.TestNgClass" time="9.963" errors="0" timestamp="2022-09-13T23:57:48 IST" skipped="0">
  <testcase classname="tempTestPack.TestNgClass" name="verifyGoBackToMessengerButton" time="4.613"/>
  <system-out/>
  <testcase classname="tempTestPack.TestNgClass" name="verifyContactToHelpCenterButton" time="5.350"/>
  <system-out/>
</testsuite> <!-- tempTestPack.TestNgClass -->
