<?xml version="1.0" encoding="UTF-8"?>
<!-- Generated by org.testng.reporters.JUnitReportReporter -->
<testsuite hostname="DESKTOP-M73206S" failures="0" tests="2" name="tempTestPack.Test_class" time="0.015" errors="0" timestamp="2022-09-13T23:57:48 IST" skipped="0">
  <testcase classname="tempTestPack.Test_class" name="test2" time="0.006"/>
  <system-out/>
  <testcase classname="tempTestPack.Test_class" name="test1" time="0.009"/>
  <system-out/>
</testsuite> <!-- tempTestPack.Test_class -->
